2023-08-02 11:25:40.022 [main] INFO  com.example.server.ServerApplication - Starting ServerApplication using Java 1.8.0_271 on ROG-Linky with PID 96856 (E:\Project\development\web\fullstack\wechat-play\server\target\classes started by baiss in E:\Project\development\web\fullstack\wechat-play\server)
2023-08-02 11:25:40.026 [main] DEBUG com.example.server.ServerApplication - Running with Spring Boot v2.7.14, Spring v5.3.29
2023-08-02 11:25:40.026 [main] INFO  com.example.server.ServerApplication - No active profile set, falling back to 1 default profile: "default"
2023-08-02 11:25:41.355 [main] INFO  com.example.server.ServerApplication - Started ServerApplication in 1.654 seconds (JVM running for 2.454)
2023-08-02 12:06:52.039 [main] INFO  com.example.server.ServerApplication - Starting ServerApplication using Java 1.8.0_271 on ROG-Linky with PID 78548 (E:\Project\development\web\fullstack\wechat-play\server\target\classes started by baiss in E:\Project\development\web\fullstack\wechat-play\server)
2023-08-02 12:06:52.041 [main] DEBUG com.example.server.ServerApplication - Running with Spring Boot v2.7.14, Spring v5.3.29
2023-08-02 12:06:52.042 [main] INFO  com.example.server.ServerApplication - No active profile set, falling back to 1 default profile: "default"
2023-08-02 12:06:53.185 [main] INFO  com.example.server.ServerApplication - Started ServerApplication in 1.416 seconds (JVM running for 2.102)
2023-08-02 12:10:49.560 [main] INFO  com.example.server.ServerApplication - Starting ServerApplication using Java 1.8.0_271 on ROG-Linky with PID 102752 (E:\Project\development\web\fullstack\wechat-play\server\target\classes started by baiss in E:\Project\development\web\fullstack\wechat-play\server)
2023-08-02 12:10:49.562 [main] DEBUG com.example.server.ServerApplication - Running with Spring Boot v2.7.14, Spring v5.3.29
2023-08-02 12:10:49.562 [main] INFO  com.example.server.ServerApplication - No active profile set, falling back to 1 default profile: "default"
2023-08-02 12:10:50.699 [main] INFO  com.example.server.ServerApplication - Started ServerApplication in 1.413 seconds (JVM running for 2.113)
2023-08-02 12:21:38.228 [main] INFO  com.example.server.ServerApplication - Starting ServerApplication using Java 1.8.0_271 on ROG-Linky with PID 37044 (E:\Project\development\web\fullstack\wechat-play\server\target\classes started by baiss in E:\Project\development\web\fullstack\wechat-play\server)
2023-08-02 12:21:38.230 [main] DEBUG com.example.server.ServerApplication - Running with Spring Boot v2.7.14, Spring v5.3.29
2023-08-02 12:21:38.230 [main] INFO  com.example.server.ServerApplication - No active profile set, falling back to 1 default profile: "default"
2023-08-02 12:21:39.356 [main] INFO  com.example.server.ServerApplication - Started ServerApplication in 1.415 seconds (JVM running for 2.1)
2023-08-02 12:26:11.067 [main] INFO  com.example.server.ServerApplication - Starting ServerApplication using Java 1.8.0_271 on ROG-Linky with PID 102052 (E:\Project\development\web\fullstack\wechat-play\server\target\classes started by baiss in E:\Project\development\web\fullstack\wechat-play\server)
2023-08-02 12:26:11.068 [main] DEBUG com.example.server.ServerApplication - Running with Spring Boot v2.7.14, Spring v5.3.29
2023-08-02 12:26:11.069 [main] INFO  com.example.server.ServerApplication - No active profile set, falling back to 1 default profile: "default"
2023-08-02 12:26:12.198 [main] INFO  com.example.server.ServerApplication - Started ServerApplication in 1.401 seconds (JVM running for 2.098)
2023-08-02 12:31:03.826 [http-nio-8888-exec-2] DEBUG c.example.server.dao.AdminDao.login - ==>  Preparing: SELECT a.id, a.rid FROM admin a JOIN admin_login al ON a.id = al.id WHERE al.username = ? AND al.password = ?
2023-08-02 12:31:03.840 [http-nio-8888-exec-2] DEBUG c.example.server.dao.AdminDao.login - ==> Parameters: linky_houngla(String), Admin_Root(String)
2023-08-02 12:31:03.855 [http-nio-8888-exec-2] DEBUG c.example.server.dao.AdminDao.login - <==      Total: 1
2023-08-02 12:31:03.856 [http-nio-8888-exec-2] DEBUG c.example.server.dao.AdminDao.setIp - ==>  Preparing: UPDATE admin_login SET ip = ? WHERE id = ?
2023-08-02 12:31:03.856 [http-nio-8888-exec-2] DEBUG c.example.server.dao.AdminDao.setIp - ==> Parameters: 0:0:0:0:0:0:0:1(String), 0(Integer)
2023-08-02 12:31:03.858 [http-nio-8888-exec-2] DEBUG c.example.server.dao.AdminDao.setIp - <==    Updates: 1
2023-08-02 12:31:04.818 [http-nio-8888-exec-3] DEBUG c.e.server.dao.AdminDao.getBasic - ==>  Preparing: SELECT r.name AS r_name, a.name AS a_name, a.avatar AS avatar FROM admin a JOIN role r ON a.rid = r.id WHERE a.id = ?
2023-08-02 12:31:04.819 [http-nio-8888-exec-3] DEBUG c.e.server.dao.AdminDao.getBasic - ==> Parameters: 0(Integer)
2023-08-02 12:31:04.822 [http-nio-8888-exec-3] DEBUG c.e.server.dao.AdminDao.getBasic - <==      Total: 1
2023-08-02 12:31:04.823 [http-nio-8888-exec-3] DEBUG c.e.s.dao.AdminDao.getMenuParent - ==>  Preparing: SELECT p.id, p.name, p.path, p.icon FROM permission p JOIN role_permission rp ON p.id = rp.pid WHERE rp.rid = ? AND p.pid = -1
2023-08-02 12:31:04.823 [http-nio-8888-exec-3] DEBUG c.e.s.dao.AdminDao.getMenuParent - ==> Parameters: 0(Integer)
2023-08-02 12:31:04.837 [http-nio-8888-exec-3] DEBUG c.e.s.dao.AdminDao.getMenuParent - <==      Total: 6
2023-08-02 12:31:04.837 [http-nio-8888-exec-3] DEBUG c.e.server.dao.AdminDao.getMenuChild - ==>  Preparing: SELECT p.id, p.name, p.path FROM permission p JOIN role_permission rp ON p.id = rp.pid WHERE rp.rid = ? AND p.pid = ?
2023-08-02 12:31:04.838 [http-nio-8888-exec-3] DEBUG c.e.server.dao.AdminDao.getMenuChild - ==> Parameters: 0(Integer), 1(Integer)
2023-08-02 12:31:04.839 [http-nio-8888-exec-3] DEBUG c.e.server.dao.AdminDao.getMenuChild - <==      Total: 3
2023-08-02 12:31:04.839 [http-nio-8888-exec-3] DEBUG c.e.server.dao.AdminDao.getMenuChild - ==>  Preparing: SELECT p.id, p.name, p.path FROM permission p JOIN role_permission rp ON p.id = rp.pid WHERE rp.rid = ? AND p.pid = ?
2023-08-02 12:31:04.839 [http-nio-8888-exec-3] DEBUG c.e.server.dao.AdminDao.getMenuChild - ==> Parameters: 0(Integer), 2(Integer)
2023-08-02 12:31:04.840 [http-nio-8888-exec-3] DEBUG c.e.server.dao.AdminDao.getMenuChild - <==      Total: 2
2023-08-02 12:31:04.841 [http-nio-8888-exec-3] DEBUG c.e.server.dao.AdminDao.getMenuChild - ==>  Preparing: SELECT p.id, p.name, p.path FROM permission p JOIN role_permission rp ON p.id = rp.pid WHERE rp.rid = ? AND p.pid = ?
2023-08-02 12:31:04.841 [http-nio-8888-exec-3] DEBUG c.e.server.dao.AdminDao.getMenuChild - ==> Parameters: 0(Integer), 3(Integer)
2023-08-02 12:31:04.842 [http-nio-8888-exec-3] DEBUG c.e.server.dao.AdminDao.getMenuChild - <==      Total: 2
2023-08-02 12:31:04.843 [http-nio-8888-exec-3] DEBUG c.e.server.dao.AdminDao.getMenuChild - ==>  Preparing: SELECT p.id, p.name, p.path FROM permission p JOIN role_permission rp ON p.id = rp.pid WHERE rp.rid = ? AND p.pid = ?
2023-08-02 12:31:04.843 [http-nio-8888-exec-3] DEBUG c.e.server.dao.AdminDao.getMenuChild - ==> Parameters: 0(Integer), 4(Integer)
2023-08-02 12:31:04.845 [http-nio-8888-exec-3] DEBUG c.e.server.dao.AdminDao.getMenuChild - <==      Total: 5
2023-08-02 12:31:04.846 [http-nio-8888-exec-3] DEBUG c.e.server.dao.AdminDao.getMenuChild - ==>  Preparing: SELECT p.id, p.name, p.path FROM permission p JOIN role_permission rp ON p.id = rp.pid WHERE rp.rid = ? AND p.pid = ?
2023-08-02 12:31:04.846 [http-nio-8888-exec-3] DEBUG c.e.server.dao.AdminDao.getMenuChild - ==> Parameters: 0(Integer), 5(Integer)
2023-08-02 12:31:04.847 [http-nio-8888-exec-3] DEBUG c.e.server.dao.AdminDao.getMenuChild - <==      Total: 4
2023-08-02 12:31:04.848 [http-nio-8888-exec-3] DEBUG c.e.server.dao.AdminDao.getMenuChild - ==>  Preparing: SELECT p.id, p.name, p.path FROM permission p JOIN role_permission rp ON p.id = rp.pid WHERE rp.rid = ? AND p.pid = ?
2023-08-02 12:31:04.848 [http-nio-8888-exec-3] DEBUG c.e.server.dao.AdminDao.getMenuChild - ==> Parameters: 0(Integer), 6(Integer)
2023-08-02 12:31:04.848 [http-nio-8888-exec-3] DEBUG c.e.server.dao.AdminDao.getMenuChild - <==      Total: 2
2023-08-02 12:31:04.849 [http-nio-8888-exec-3] DEBUG c.e.s.dao.AdminDao.getPermissions - ==>  Preparing: SELECT pid FROM role_permission WHERE rid = ?
2023-08-02 12:31:04.849 [http-nio-8888-exec-3] DEBUG c.e.s.dao.AdminDao.getPermissions - ==> Parameters: 0(Integer)
2023-08-02 12:31:04.851 [http-nio-8888-exec-3] DEBUG c.e.s.dao.AdminDao.getPermissions - <==      Total: 24
2023-08-02 12:31:14.112 [http-nio-8888-exec-4] DEBUG c.e.s.d.AdminDao.getAdminList_COUNT - ==>  Preparing: SELECT count(0) FROM admin a INNER JOIN admin_login al ON a.id = al.id INNER JOIN role r ON a.rid = r.id WHERE 1 = 1
2023-08-02 12:31:14.112 [http-nio-8888-exec-4] DEBUG c.e.s.d.AdminDao.getAdminList_COUNT - ==> Parameters: 
2023-08-02 12:31:14.114 [http-nio-8888-exec-4] DEBUG c.e.s.d.AdminDao.getAdminList_COUNT - <==      Total: 1
2023-08-02 12:31:14.115 [http-nio-8888-exec-4] DEBUG c.e.server.dao.AdminDao.getAdminList - ==>  Preparing: SELECT a.*, al.username, al.ip, al.update_time AS login_time, r.name AS role FROM admin a INNER JOIN admin_login al ON a.id = al.id INNER JOIN role r ON a.rid = r.id WHERE 1 = 1 LIMIT ?
2023-08-02 12:31:14.115 [http-nio-8888-exec-4] DEBUG c.e.server.dao.AdminDao.getAdminList - ==> Parameters: 5(Integer)
2023-08-02 12:31:14.117 [http-nio-8888-exec-4] DEBUG c.e.server.dao.AdminDao.getAdminList - <==      Total: 3
2023-08-02 12:31:42.694 [http-nio-8888-exec-6] DEBUG c.e.s.d.AdminDao.getAdminList_COUNT - ==>  Preparing: SELECT count(0) FROM admin a INNER JOIN admin_login al ON a.id = al.id INNER JOIN role r ON a.rid = r.id WHERE 1 = 1
2023-08-02 12:31:42.694 [http-nio-8888-exec-6] DEBUG c.e.s.d.AdminDao.getAdminList_COUNT - ==> Parameters: 
2023-08-02 12:31:42.695 [http-nio-8888-exec-6] DEBUG c.e.s.d.AdminDao.getAdminList_COUNT - <==      Total: 1
2023-08-02 12:31:42.695 [http-nio-8888-exec-6] DEBUG c.e.server.dao.AdminDao.getAdminList - ==>  Preparing: SELECT a.*, al.username, al.ip, al.update_time AS login_time, r.name AS role FROM admin a INNER JOIN admin_login al ON a.id = al.id INNER JOIN role r ON a.rid = r.id WHERE 1 = 1 LIMIT ?
2023-08-02 12:31:42.695 [http-nio-8888-exec-6] DEBUG c.e.server.dao.AdminDao.getAdminList - ==> Parameters: 5(Integer)
2023-08-02 12:31:42.697 [http-nio-8888-exec-6] DEBUG c.e.server.dao.AdminDao.getAdminList - <==      Total: 3
2023-08-02 12:34:10.745 [main] INFO  com.example.server.ServerApplication - Starting ServerApplication using Java 1.8.0_271 on ROG-Linky with PID 29976 (E:\Project\development\web\fullstack\wechat-play\server\target\classes started by baiss in E:\Project\development\web\fullstack\wechat-play\server)
2023-08-02 12:34:10.747 [main] DEBUG com.example.server.ServerApplication - Running with Spring Boot v2.7.14, Spring v5.3.29
2023-08-02 12:34:10.747 [main] INFO  com.example.server.ServerApplication - No active profile set, falling back to 1 default profile: "default"
2023-08-02 12:34:11.877 [main] INFO  com.example.server.ServerApplication - Started ServerApplication in 1.401 seconds (JVM running for 2.098)
2023-08-02 12:34:22.009 [http-nio-8888-exec-1] DEBUG c.e.s.d.AdminDao.getAdminList_COUNT - ==>  Preparing: SELECT count(0) FROM admin a INNER JOIN admin_login al ON a.id = al.id INNER JOIN role r ON a.rid = r.id WHERE 1 = 1
2023-08-02 12:34:22.021 [http-nio-8888-exec-1] DEBUG c.e.s.d.AdminDao.getAdminList_COUNT - ==> Parameters: 
2023-08-02 12:34:22.033 [http-nio-8888-exec-1] DEBUG c.e.s.d.AdminDao.getAdminList_COUNT - <==      Total: 1
2023-08-02 12:34:22.035 [http-nio-8888-exec-1] DEBUG c.e.server.dao.AdminDao.getAdminList - ==>  Preparing: SELECT a.*, al.username, al.ip, al.update_time AS login_time, r.name AS role FROM admin a INNER JOIN admin_login al ON a.id = al.id INNER JOIN role r ON a.rid = r.id WHERE 1 = 1 LIMIT ?
2023-08-02 12:34:22.035 [http-nio-8888-exec-1] DEBUG c.e.server.dao.AdminDao.getAdminList - ==> Parameters: 5(Integer)
2023-08-02 12:34:22.039 [http-nio-8888-exec-1] DEBUG c.e.server.dao.AdminDao.getAdminList - <==      Total: 3
2023-08-02 12:34:29.975 [http-nio-8888-exec-3] DEBUG c.e.s.d.AdminDao.getAdminList_COUNT - ==>  Preparing: SELECT count(0) FROM admin a INNER JOIN admin_login al ON a.id = al.id INNER JOIN role r ON a.rid = r.id WHERE 1 = 1
2023-08-02 12:34:29.976 [http-nio-8888-exec-3] DEBUG c.e.s.d.AdminDao.getAdminList_COUNT - ==> Parameters: 
2023-08-02 12:34:29.977 [http-nio-8888-exec-3] DEBUG c.e.s.d.AdminDao.getAdminList_COUNT - <==      Total: 1
2023-08-02 12:34:29.977 [http-nio-8888-exec-3] DEBUG c.e.server.dao.AdminDao.getAdminList - ==>  Preparing: SELECT a.*, al.username, al.ip, al.update_time AS login_time, r.name AS role FROM admin a INNER JOIN admin_login al ON a.id = al.id INNER JOIN role r ON a.rid = r.id WHERE 1 = 1 LIMIT ?
2023-08-02 12:34:29.977 [http-nio-8888-exec-3] DEBUG c.e.server.dao.AdminDao.getAdminList - ==> Parameters: 5(Integer)
2023-08-02 12:34:29.979 [http-nio-8888-exec-3] DEBUG c.e.server.dao.AdminDao.getAdminList - <==      Total: 3
2023-08-02 12:40:00.151 [main] INFO  com.example.server.ServerApplication - Starting ServerApplication using Java 1.8.0_271 on ROG-Linky with PID 72012 (E:\Project\development\web\fullstack\wechat-play\server\target\classes started by baiss in E:\Project\development\web\fullstack\wechat-play\server)
2023-08-02 12:40:00.152 [main] DEBUG com.example.server.ServerApplication - Running with Spring Boot v2.7.14, Spring v5.3.29
2023-08-02 12:40:00.153 [main] INFO  com.example.server.ServerApplication - No active profile set, falling back to 1 default profile: "default"
2023-08-02 12:40:01.294 [main] INFO  com.example.server.ServerApplication - Started ServerApplication in 1.416 seconds (JVM running for 2.121)
2023-08-02 12:40:14.159 [http-nio-8888-exec-2] DEBUG c.e.s.d.AdminDao.getAdminList_COUNT - ==>  Preparing: SELECT count(0) FROM admin a INNER JOIN admin_login al ON a.id = al.id INNER JOIN role r ON a.rid = r.id WHERE 1 = 1
2023-08-02 12:40:14.172 [http-nio-8888-exec-2] DEBUG c.e.s.d.AdminDao.getAdminList_COUNT - ==> Parameters: 
2023-08-02 12:40:14.184 [http-nio-8888-exec-2] DEBUG c.e.s.d.AdminDao.getAdminList_COUNT - <==      Total: 1
2023-08-02 12:40:14.186 [http-nio-8888-exec-2] DEBUG c.e.server.dao.AdminDao.getAdminList - ==>  Preparing: SELECT a.*, al.username, al.ip, al.update_time AS login_time, r.name AS role FROM admin a INNER JOIN admin_login al ON a.id = al.id INNER JOIN role r ON a.rid = r.id WHERE 1 = 1 LIMIT ?
2023-08-02 12:40:14.187 [http-nio-8888-exec-2] DEBUG c.e.server.dao.AdminDao.getAdminList - ==> Parameters: 5(Integer)
2023-08-02 12:40:14.191 [http-nio-8888-exec-2] DEBUG c.e.server.dao.AdminDao.getAdminList - <==      Total: 3
2023-08-02 12:41:10.217 [main] INFO  com.example.server.ServerApplication - Starting ServerApplication using Java 1.8.0_271 on ROG-Linky with PID 42900 (E:\Project\development\web\fullstack\wechat-play\server\target\classes started by baiss in E:\Project\development\web\fullstack\wechat-play\server)
2023-08-02 12:41:10.219 [main] DEBUG com.example.server.ServerApplication - Running with Spring Boot v2.7.14, Spring v5.3.29
2023-08-02 12:41:10.220 [main] INFO  com.example.server.ServerApplication - No active profile set, falling back to 1 default profile: "default"
2023-08-02 12:41:11.356 [main] INFO  com.example.server.ServerApplication - Started ServerApplication in 1.409 seconds (JVM running for 2.092)
2023-08-02 12:41:23.086 [http-nio-8888-exec-2] DEBUG c.e.s.d.AdminDao.getAdminList_COUNT - ==>  Preparing: SELECT count(0) FROM admin a INNER JOIN admin_login al ON a.id = al.id INNER JOIN role r ON a.rid = r.id WHERE 1 = 1
2023-08-02 12:41:23.099 [http-nio-8888-exec-2] DEBUG c.e.s.d.AdminDao.getAdminList_COUNT - ==> Parameters: 
2023-08-02 12:41:23.111 [http-nio-8888-exec-2] DEBUG c.e.s.d.AdminDao.getAdminList_COUNT - <==      Total: 1
2023-08-02 12:41:23.113 [http-nio-8888-exec-2] DEBUG c.e.server.dao.AdminDao.getAdminList - ==>  Preparing: SELECT a.*, al.username, al.ip, al.update_time AS login_time, r.name AS role FROM admin a INNER JOIN admin_login al ON a.id = al.id INNER JOIN role r ON a.rid = r.id WHERE 1 = 1 LIMIT ?
2023-08-02 12:41:23.113 [http-nio-8888-exec-2] DEBUG c.e.server.dao.AdminDao.getAdminList - ==> Parameters: 5(Integer)
2023-08-02 12:41:23.117 [http-nio-8888-exec-2] DEBUG c.e.server.dao.AdminDao.getAdminList - <==      Total: 3
2023-08-02 12:43:19.417 [main] INFO  com.example.server.ServerApplication - Starting ServerApplication using Java 1.8.0_271 on ROG-Linky with PID 31948 (E:\Project\development\web\fullstack\wechat-play\server\target\classes started by baiss in E:\Project\development\web\fullstack\wechat-play\server)
2023-08-02 12:43:19.419 [main] DEBUG com.example.server.ServerApplication - Running with Spring Boot v2.7.14, Spring v5.3.29
2023-08-02 12:43:19.419 [main] INFO  com.example.server.ServerApplication - No active profile set, falling back to 1 default profile: "default"
2023-08-02 12:43:20.540 [main] INFO  com.example.server.ServerApplication - Started ServerApplication in 1.398 seconds (JVM running for 2.091)
2023-08-02 12:43:29.941 [http-nio-8888-exec-2] DEBUG c.e.s.d.AdminDao.getAdminList_COUNT - ==>  Preparing: SELECT count(0) FROM admin a INNER JOIN admin_login al ON a.id = al.id INNER JOIN role r ON a.rid = r.id WHERE 1 = 1
2023-08-02 12:43:29.953 [http-nio-8888-exec-2] DEBUG c.e.s.d.AdminDao.getAdminList_COUNT - ==> Parameters: 
2023-08-02 12:43:29.965 [http-nio-8888-exec-2] DEBUG c.e.s.d.AdminDao.getAdminList_COUNT - <==      Total: 1
2023-08-02 12:43:29.966 [http-nio-8888-exec-2] DEBUG c.e.server.dao.AdminDao.getAdminList - ==>  Preparing: SELECT a.*, al.username, al.ip, al.update_time AS login_time, r.name AS role FROM admin a INNER JOIN admin_login al ON a.id = al.id INNER JOIN role r ON a.rid = r.id WHERE 1 = 1 LIMIT ?
2023-08-02 12:43:29.967 [http-nio-8888-exec-2] DEBUG c.e.server.dao.AdminDao.getAdminList - ==> Parameters: 5(Integer)
2023-08-02 12:43:29.971 [http-nio-8888-exec-2] DEBUG c.e.server.dao.AdminDao.getAdminList - <==      Total: 3
2023-08-02 12:44:05.711 [main] INFO  com.example.server.ServerApplication - Starting ServerApplication using Java 1.8.0_271 on ROG-Linky with PID 86556 (E:\Project\development\web\fullstack\wechat-play\server\target\classes started by baiss in E:\Project\development\web\fullstack\wechat-play\server)
2023-08-02 12:44:05.713 [main] DEBUG com.example.server.ServerApplication - Running with Spring Boot v2.7.14, Spring v5.3.29
2023-08-02 12:44:05.714 [main] INFO  com.example.server.ServerApplication - No active profile set, falling back to 1 default profile: "default"
2023-08-02 12:44:06.844 [main] INFO  com.example.server.ServerApplication - Started ServerApplication in 1.409 seconds (JVM running for 2.098)
2023-08-02 12:44:17.350 [http-nio-8888-exec-1] DEBUG c.e.server.dao.AdminDao.updateAdmin - ==>  Preparing: UPDATE admin SET `name` = ?, rid = ?, `status` = ? WHERE id = ?
2023-08-02 12:44:17.362 [http-nio-8888-exec-1] DEBUG c.e.server.dao.AdminDao.updateAdmin - ==> Parameters: 颖(String), 0(String), DELETED(String), 2(Integer)
2023-08-02 12:44:17.366 [http-nio-8888-exec-1] DEBUG c.e.server.dao.AdminDao.updateAdmin - <==    Updates: 1
2023-08-02 12:44:17.440 [http-nio-8888-exec-2] DEBUG c.e.s.d.AdminDao.getAdminList_COUNT - ==>  Preparing: SELECT count(0) FROM admin a INNER JOIN admin_login al ON a.id = al.id INNER JOIN role r ON a.rid = r.id WHERE 1 = 1
2023-08-02 12:44:17.440 [http-nio-8888-exec-2] DEBUG c.e.s.d.AdminDao.getAdminList_COUNT - ==> Parameters: 
2023-08-02 12:44:17.452 [http-nio-8888-exec-2] DEBUG c.e.s.d.AdminDao.getAdminList_COUNT - <==      Total: 1
2023-08-02 12:44:17.454 [http-nio-8888-exec-2] DEBUG c.e.server.dao.AdminDao.getAdminList - ==>  Preparing: SELECT a.*, al.username, al.ip, al.update_time AS login_time, r.name AS role FROM admin a INNER JOIN admin_login al ON a.id = al.id INNER JOIN role r ON a.rid = r.id WHERE 1 = 1 LIMIT ?
2023-08-02 12:44:17.454 [http-nio-8888-exec-2] DEBUG c.e.server.dao.AdminDao.getAdminList - ==> Parameters: 5(Integer)
2023-08-02 12:44:17.457 [http-nio-8888-exec-2] DEBUG c.e.server.dao.AdminDao.getAdminList - <==      Total: 3
